<?xml version="1.0" encoding="UTF-8"?>
<testsuites>
  <testsuite name="Unit" tests="4" assertions="2" errors="3" failures="0" skipped="0" time="0.581420">
    <testsuite name="Tests\Unit\AuthControllerTest" file="/home/juba/www/commerce-api/tests/Unit/AuthControllerTest.php" tests="3" assertions="2" errors="2" failures="0" skipped="0" time="0.445152">
      <testcase name="testWithoutCredentials" class="Tests\Unit\AuthControllerTest" classname="Tests.Unit.AuthControllerTest" file="/home/juba/www/commerce-api/tests/Unit/AuthControllerTest.php" line="13" assertions="2" time="0.178389"/>
      <testcase name="testWithInvalidCredentials" class="Tests\Unit\AuthControllerTest" classname="Tests.Unit.AuthControllerTest" file="/home/juba/www/commerce-api/tests/Unit/AuthControllerTest.php" line="22" assertions="0" time="0.136224">
        <error type="Error">Tests\Unit\AuthControllerTest::testWithInvalidCredentials
Error: Class 'AlgoliaSearch\Version' not found

/home/juba/www/commerce-api/vendor/laravel/scout/src/EngineManager.php:31
/home/juba/www/commerce-api/vendor/laravel/framework/src/Illuminate/Support/Manager.php:88
/home/juba/www/commerce-api/vendor/laravel/framework/src/Illuminate/Support/Manager.php:63
/home/juba/www/commerce-api/vendor/laravel/scout/src/EngineManager.php:21
/home/juba/www/commerce-api/vendor/laravel/scout/src/Searchable.php:203
/home/juba/www/commerce-api/vendor/laravel/scout/src/Searchable.php:56
/home/juba/www/commerce-api/vendor/laravel/scout/src/Searchable.php:35
/home/juba/www/commerce-api/vendor/laravel/framework/src/Illuminate/Support/Traits/Macroable.php:78
/home/juba/www/commerce-api/vendor/laravel/scout/src/Searchable.php:112
/home/juba/www/commerce-api/vendor/laravel/scout/src/ModelObserver.php:61
/home/juba/www/commerce-api/vendor/laravel/framework/src/Illuminate/Events/Dispatcher.php:367
/home/juba/www/commerce-api/vendor/laravel/framework/src/Illuminate/Events/Dispatcher.php:199
/home/juba/www/commerce-api/vendor/laravel/framework/src/Illuminate/Events/Dispatcher.php:172
/home/juba/www/commerce-api/vendor/laravel/framework/src/Illuminate/Database/Eloquent/Concerns/HasEvents.php:148
/home/juba/www/commerce-api/vendor/laravel/framework/src/Illuminate/Database/Eloquent/Model.php:673
/home/juba/www/commerce-api/vendor/laravel/framework/src/Illuminate/Database/Eloquent/Model.php:521
/home/juba/www/commerce-api/vendor/laravel/framework/src/Illuminate/Database/Eloquent/FactoryBuilder.php:151
/home/juba/www/commerce-api/vendor/laravel/framework/src/Illuminate/Support/Collection.php:288
/home/juba/www/commerce-api/vendor/laravel/framework/src/Illuminate/Database/Eloquent/FactoryBuilder.php:152
/home/juba/www/commerce-api/vendor/laravel/framework/src/Illuminate/Database/Eloquent/FactoryBuilder.php:132
/home/juba/www/commerce-api/vendor/laravel/framework/src/Illuminate/Database/Eloquent/Factory.php:109
/home/juba/www/commerce-api/database/factories/ModelFactory.php:29
/home/juba/www/commerce-api/vendor/laravel/framework/src/Illuminate/Database/Eloquent/FactoryBuilder.php:207
/home/juba/www/commerce-api/vendor/laravel/framework/src/Illuminate/Database/Eloquent/FactoryBuilder.php:231
/home/juba/www/commerce-api/vendor/laravel/framework/src/Illuminate/Database/Eloquent/Concerns/GuardsAttributes.php:122
/home/juba/www/commerce-api/vendor/laravel/framework/src/Illuminate/Database/Eloquent/FactoryBuilder.php:233
/home/juba/www/commerce-api/vendor/laravel/framework/src/Illuminate/Database/Eloquent/FactoryBuilder.php:164
/home/juba/www/commerce-api/vendor/laravel/framework/src/Illuminate/Database/Eloquent/FactoryBuilder.php:129
/home/juba/www/commerce-api/tests/Unit/AuthControllerTest.php:24
</error>
      </testcase>
      <testcase name="testWithvalidCredentials" class="Tests\Unit\AuthControllerTest" classname="Tests.Unit.AuthControllerTest" file="/home/juba/www/commerce-api/tests/Unit/AuthControllerTest.php" line="33" assertions="0" time="0.130539">
        <error type="Error">Tests\Unit\AuthControllerTest::testWithvalidCredentials
Error: Class 'AlgoliaSearch\Version' not found

/home/juba/www/commerce-api/vendor/laravel/scout/src/EngineManager.php:31
/home/juba/www/commerce-api/vendor/laravel/framework/src/Illuminate/Support/Manager.php:88
/home/juba/www/commerce-api/vendor/laravel/framework/src/Illuminate/Support/Manager.php:63
/home/juba/www/commerce-api/vendor/laravel/scout/src/EngineManager.php:21
/home/juba/www/commerce-api/vendor/laravel/scout/src/Searchable.php:203
/home/juba/www/commerce-api/vendor/laravel/scout/src/Searchable.php:56
/home/juba/www/commerce-api/vendor/laravel/scout/src/Searchable.php:35
/home/juba/www/commerce-api/vendor/laravel/framework/src/Illuminate/Support/Traits/Macroable.php:78
/home/juba/www/commerce-api/vendor/laravel/scout/src/Searchable.php:112
/home/juba/www/commerce-api/vendor/laravel/scout/src/ModelObserver.php:61
/home/juba/www/commerce-api/vendor/laravel/framework/src/Illuminate/Events/Dispatcher.php:367
/home/juba/www/commerce-api/vendor/laravel/framework/src/Illuminate/Events/Dispatcher.php:199
/home/juba/www/commerce-api/vendor/laravel/framework/src/Illuminate/Events/Dispatcher.php:172
/home/juba/www/commerce-api/vendor/laravel/framework/src/Illuminate/Database/Eloquent/Concerns/HasEvents.php:148
/home/juba/www/commerce-api/vendor/laravel/framework/src/Illuminate/Database/Eloquent/Model.php:673
/home/juba/www/commerce-api/vendor/laravel/framework/src/Illuminate/Database/Eloquent/Model.php:521
/home/juba/www/commerce-api/vendor/laravel/framework/src/Illuminate/Database/Eloquent/FactoryBuilder.php:151
/home/juba/www/commerce-api/vendor/laravel/framework/src/Illuminate/Support/Collection.php:288
/home/juba/www/commerce-api/vendor/laravel/framework/src/Illuminate/Database/Eloquent/FactoryBuilder.php:152
/home/juba/www/commerce-api/vendor/laravel/framework/src/Illuminate/Database/Eloquent/FactoryBuilder.php:132
/home/juba/www/commerce-api/vendor/laravel/framework/src/Illuminate/Database/Eloquent/Factory.php:109
/home/juba/www/commerce-api/database/factories/ModelFactory.php:29
/home/juba/www/commerce-api/vendor/laravel/framework/src/Illuminate/Database/Eloquent/FactoryBuilder.php:207
/home/juba/www/commerce-api/vendor/laravel/framework/src/Illuminate/Database/Eloquent/FactoryBuilder.php:231
/home/juba/www/commerce-api/vendor/laravel/framework/src/Illuminate/Database/Eloquent/Concerns/GuardsAttributes.php:122
/home/juba/www/commerce-api/vendor/laravel/framework/src/Illuminate/Database/Eloquent/FactoryBuilder.php:233
/home/juba/www/commerce-api/vendor/laravel/framework/src/Illuminate/Database/Eloquent/FactoryBuilder.php:164
/home/juba/www/commerce-api/vendor/laravel/framework/src/Illuminate/Database/Eloquent/FactoryBuilder.php:129
/home/juba/www/commerce-api/tests/Unit/AuthControllerTest.php:35
</error>
      </testcase>
    </testsuite>
    <testsuite name="Tests\Unit\PeopleControllerTest" file="/home/juba/www/commerce-api/tests/Unit/PeopleControllerTest.php" tests="1" assertions="0" errors="1" failures="0" skipped="0" time="0.136268">
      <testcase name="testTntSearch" class="Tests\Unit\PeopleControllerTest" classname="Tests.Unit.PeopleControllerTest" file="/home/juba/www/commerce-api/tests/Unit/PeopleControllerTest.php" line="14" assertions="0" time="0.136268">
        <error type="Error">Tests\Unit\PeopleControllerTest::testTntSearch
Error: Class 'AlgoliaSearch\Version' not found

/home/juba/www/commerce-api/vendor/laravel/scout/src/EngineManager.php:31
/home/juba/www/commerce-api/vendor/laravel/framework/src/Illuminate/Support/Manager.php:88
/home/juba/www/commerce-api/vendor/laravel/framework/src/Illuminate/Support/Manager.php:63
/home/juba/www/commerce-api/vendor/laravel/scout/src/EngineManager.php:21
/home/juba/www/commerce-api/vendor/laravel/scout/src/Searchable.php:203
/home/juba/www/commerce-api/vendor/laravel/scout/src/Searchable.php:56
/home/juba/www/commerce-api/vendor/laravel/scout/src/Searchable.php:35
/home/juba/www/commerce-api/vendor/laravel/framework/src/Illuminate/Support/Traits/Macroable.php:78
/home/juba/www/commerce-api/vendor/laravel/scout/src/Searchable.php:112
/home/juba/www/commerce-api/vendor/laravel/scout/src/ModelObserver.php:61
/home/juba/www/commerce-api/vendor/laravel/framework/src/Illuminate/Events/Dispatcher.php:367
/home/juba/www/commerce-api/vendor/laravel/framework/src/Illuminate/Events/Dispatcher.php:199
/home/juba/www/commerce-api/vendor/laravel/framework/src/Illuminate/Events/Dispatcher.php:172
/home/juba/www/commerce-api/vendor/laravel/framework/src/Illuminate/Database/Eloquent/Concerns/HasEvents.php:148
/home/juba/www/commerce-api/vendor/laravel/framework/src/Illuminate/Database/Eloquent/Model.php:673
/home/juba/www/commerce-api/vendor/laravel/framework/src/Illuminate/Database/Eloquent/Model.php:521
/home/juba/www/commerce-api/vendor/laravel/framework/src/Illuminate/Database/Eloquent/FactoryBuilder.php:151
/home/juba/www/commerce-api/vendor/laravel/framework/src/Illuminate/Support/Collection.php:288
/home/juba/www/commerce-api/vendor/laravel/framework/src/Illuminate/Database/Eloquent/FactoryBuilder.php:152
/home/juba/www/commerce-api/vendor/laravel/framework/src/Illuminate/Database/Eloquent/FactoryBuilder.php:134
/home/juba/www/commerce-api/tests/Unit/PeopleControllerTest.php:16
</error>
      </testcase>
    </testsuite>
  </testsuite>
</testsuites>
